<html>
<head>
<title>TestNG:  ICIX Test for Trading Partner Group Compliance Suite One</title>
<link href="../testng.css" rel="stylesheet" type="text/css" />
<link href="../my-testng.css" rel="stylesheet" type="text/css" />

<style type="text/css">
.log { display: none;} 
.stack-trace { display: none;} 
</style>
<script type="text/javascript">
<!--
function flip(e) {
  current = e.style.display;
  if (current == 'block') {
    e.style.display = 'none';
    return 0;
  }
  else {
    e.style.display = 'block';
    return 1;
  }
}

function toggleBox(szDivId, elem, msg1, msg2)
{
  var res = -1;  if (document.getElementById) {
    res = flip(document.getElementById(szDivId));
  }
  else if (document.all) {
    // this is the way old msie versions work
    res = flip(document.all[szDivId]);
  }
  if(elem) {
    if(res == 0) elem.innerHTML = msg1; else elem.innerHTML = msg2;
  }

}

function toggleAllBoxes() {
  if (document.getElementsByTagName) {
    d = document.getElementsByTagName('div');
    for (i = 0; i < d.length; i++) {
      if (d[i].className == 'log') {
        flip(d[i]);
      }
    }
  }
}

// -->
</script>

</head>
<body>
<h2 align='center'>ICIX Test for Trading Partner Group Compliance Suite One</h2><table border='1' align="center">
<tr>
<td>Tests passed/Failed/Skipped:</td><td>0/1/0</td>
</tr><tr>
<td>Started on:</td><td>Thu Mar 16 12:38:00 IST 2017</td>
</tr>
<tr><td>Total time:</td><td>509 seconds (509379 ms)</td>
</tr><tr>
<td>Included groups:</td><td></td>
</tr><tr>
<td>Excluded groups:</td><td></td>
</tr>
</table><p/>
<small><i>(Hover the method name to see the test class name)</i></small><p/>
<table width='100%' border='1' class='invocation-failed'>
<tr><td colspan='4' align='center'><b>FAILED TESTS</b></td></tr>
<tr><td><b>Test method</b></td>
<td width="30%"><b>Exception</b></td>
<td width="10%"><b>Time (seconds)</b></td>
<td><b>Instance</b></td>
</tr>
<tr>
<td title='icix.Tests.TC10773_Test.VerifySendReqAtRespSide()'><b>VerifySendReqAtRespSide</b><br>Test class: icix.Tests.TC10773_Test<br>Parameters: public void icix.Tests.TC10773_Test.VerifySendReqAtRespSide(java.lang.reflect.Method) throws java.lang.Exception<br/>
<a href="#Output-640808588" onClick='toggleBox("Output-640808588", this, "Show output", "Hide output");'>Show output</a>

<a href="#Output-640808588" onClick="toggleAllBoxes();">Show all outputs</a>
<div class='log' id="Output-640808588">
The Testcase name is :VerifySendReqAtRespSide<br/>
<br>Screenshot saved <a href=file:///D:/WholeProject/target/screenshots/2017-03-16-12-40-52/Failed/Search%20Results%20_%20Salesforce_VerifySendReqAtRespSide_2017-03-16-12-46-21.png>Screenshot</a><br/>
</div>
</td>
<td><div><pre>java.lang.Exception: By.xpath: //span[contains(.,&apos;Status&apos;)][1]//following::div[@class=&apos;dataCol readonly slds-no-space&apos;][1]element is not present and displayed
	at icix.Utils.WaitTool.waitForElementToBeClickable(WaitTool.java:60)
	at icix.Utils.Common.assertText(Common.java:521)
	at icix.Modules.TPGroupCompliance.assertReqWFnStatus(TPGroupCompliance.java:279)
	at icix.Tests.TC10773_Test.VerifySendReqAtRespSide(TC10773_Test.java:71)
... Removed 24 stack frames</pre></div><a href='#' onClick='toggleBox("stack-trace640808588", this, "Click to show all stack frames", "Click to hide stack frames")'>Click to show all stack frames</a>
<div class='stack-trace' id='stack-trace640808588'><pre>java.lang.Exception: By.xpath: //span[contains(.,&apos;Status&apos;)][1]//following::div[@class=&apos;dataCol readonly slds-no-space&apos;][1]element is not present and displayed
	at icix.Utils.WaitTool.waitForElementToBeClickable(WaitTool.java:60)
	at icix.Utils.Common.assertText(Common.java:521)
	at icix.Modules.TPGroupCompliance.assertReqWFnStatus(TPGroupCompliance.java:279)
	at icix.Tests.TC10773_Test.VerifySendReqAtRespSide(TC10773_Test.java:71)
	at sun.reflect.NativeMethodAccessorImpl.invoke0(Native Method)
	at sun.reflect.NativeMethodAccessorImpl.invoke(Unknown Source)
	at sun.reflect.DelegatingMethodAccessorImpl.invoke(Unknown Source)
	at java.lang.reflect.Method.invoke(Unknown Source)
	at org.testng.internal.MethodInvocationHelper.invokeMethod(MethodInvocationHelper.java:86)
	at org.testng.internal.Invoker.invokeMethod(Invoker.java:643)
	at org.testng.internal.Invoker.invokeTestMethod(Invoker.java:820)
	at org.testng.internal.Invoker.invokeTestMethods(Invoker.java:1128)
	at org.testng.internal.TestMethodWorker.invokeTestMethods(TestMethodWorker.java:129)
	at org.testng.internal.TestMethodWorker.run(TestMethodWorker.java:112)
	at org.testng.TestRunner.privateRun(TestRunner.java:782)
	at org.testng.TestRunner.run(TestRunner.java:632)
	at org.testng.SuiteRunner.runTest(SuiteRunner.java:366)
	at org.testng.SuiteRunner.runSequentially(SuiteRunner.java:361)
	at org.testng.SuiteRunner.privateRun(SuiteRunner.java:319)
	at org.testng.SuiteRunner.run(SuiteRunner.java:268)
	at org.testng.SuiteRunnerWorker.runSuite(SuiteRunnerWorker.java:52)
	at org.testng.SuiteRunnerWorker.run(SuiteRunnerWorker.java:86)
	at org.testng.TestNG.runSuitesSequentially(TestNG.java:1244)
	at org.testng.TestNG.runSuitesLocally(TestNG.java:1169)
	at org.testng.TestNG.run(TestNG.java:1064)
	at org.testng.remote.AbstractRemoteTestNG.run(AbstractRemoteTestNG.java:132)
	at org.testng.remote.RemoteTestNG.initAndRun(RemoteTestNG.java:230)
	at org.testng.remote.RemoteTestNG.main(RemoteTestNG.java:76)
</pre></div></td>
<td>485</td>
<td>icix.Tests.TC10773_Test@72b6cbcc</td></tr>
</table><p>
</body>
</html>