<?xml version="1.0" encoding="UTF-8"?>
<!-- Generated by org.testng.reporters.JUnitXMLReporter -->
<testsuite hostname="sDirect-20" name="ICIX Test for Trading Partner Group Compliance Suite One" tests="1" failures="1" timestamp="16 Mar 2017 07:16:30 GMT" time="509.379" errors="0">
  <testcase name="VerifySendReqAtRespSide" time="485.728" classname="icix.Tests.TC10773_Test">
    <failure type="java.lang.Exception" message="By.xpath: //span[contains(.,&amp;apos;Status&amp;apos;)][1]//following::div[@class=&amp;apos;dataCol readonly slds-no-space&amp;apos;][1]element is not present and displayed">
      <![CDATA[java.lang.Exception: By.xpath: //span[contains(.,'Status')][1]//following::div[@class='dataCol readonly slds-no-space'][1]element is not present and displayed
	at icix.Utils.WaitTool.waitForElementToBeClickable(WaitTool.java:60)
	at icix.Utils.Common.assertText(Common.java:521)
	at icix.Modules.TPGroupCompliance.assertReqWFnStatus(TPGroupCompliance.java:279)
	at icix.Tests.TC10773_Test.VerifySendReqAtRespSide(TC10773_Test.java:71)
... Removed 24 stack frames]]>
    </failure>
  </testcase> <!-- VerifySendReqAtRespSide -->
</testsuite> <!-- ICIX Test for Trading Partner Group Compliance Suite One -->
