<html>
<head>
<title>TestNG:  ICIX Test For Form Builder Suite Three</title>
<link href="../testng.css" rel="stylesheet" type="text/css" />
<link href="../my-testng.css" rel="stylesheet" type="text/css" />

<style type="text/css">
.log { display: none;} 
.stack-trace { display: none;} 
</style>
<script type="text/javascript">
<!--
function flip(e) {
  current = e.style.display;
  if (current == 'block') {
    e.style.display = 'none';
    return 0;
  }
  else {
    e.style.display = 'block';
    return 1;
  }
}

function toggleBox(szDivId, elem, msg1, msg2)
{
  var res = -1;  if (document.getElementById) {
    res = flip(document.getElementById(szDivId));
  }
  else if (document.all) {
    // this is the way old msie versions work
    res = flip(document.all[szDivId]);
  }
  if(elem) {
    if(res == 0) elem.innerHTML = msg1; else elem.innerHTML = msg2;
  }

}

function toggleAllBoxes() {
  if (document.getElementsByTagName) {
    d = document.getElementsByTagName('div');
    for (i = 0; i < d.length; i++) {
      if (d[i].className == 'log') {
        flip(d[i]);
      }
    }
  }
}

// -->
</script>

</head>
<body>
<h2 align='center'>ICIX Test For Form Builder Suite Three</h2><table border='1' align="center">
<tr>
<td>Tests passed/Failed/Skipped:</td><td>4/1/0</td>
</tr><tr>
<td>Started on:</td><td>Thu Mar 23 14:24:49 IST 2017</td>
</tr>
<tr><td>Total time:</td><td>1529 seconds (1529339 ms)</td>
</tr><tr>
<td>Included groups:</td><td></td>
</tr><tr>
<td>Excluded groups:</td><td></td>
</tr>
</table><p/>
<small><i>(Hover the method name to see the test class name)</i></small><p/>
<table width='100%' border='1' class='invocation-failed'>
<tr><td colspan='4' align='center'><b>FAILED TESTS</b></td></tr>
<tr><td><b>Test method</b></td>
<td width="30%"><b>Exception</b></td>
<td width="10%"><b>Time (seconds)</b></td>
<td><b>Instance</b></td>
</tr>
<tr>
<td title='icix.Tests.TC9881_Test.CF_Scenario53()'><b>CF_Scenario53</b><br>Test class: icix.Tests.TC9881_Test<br/>
<a href="#Output-2077662850" onClick='toggleBox("Output-2077662850", this, "Show output", "Hide output");'>Show output</a>

<a href="#Output-2077662850" onClick="toggleAllBoxes();">Show all outputs</a>
<div class='log' id="Output-2077662850">
<br>Screenshot saved <a href=file:///D:/Change/WholeProject/target/screenshots/2017-03-23-14-33-35/Failed/Salesforce%20-%20Developer%20Edition%20_%20Salesforce_CF_Scenario53_2017-03-23-14-33-35.png>Screenshot</a><br/>
</div>
</td>
<td><div><pre>org.openqa.selenium.StaleElementReferenceException: stale element reference: element is not attached to the page document
  (Session info: chrome=56.0.2924.87)
  (Driver info: chromedriver=2.28.455520 (cc17746adff54984afff480136733114c6b3704b),platform=Windows NT 6.3.9600 x86_64) (WARNING: The server did not provide any stacktrace information)
Command duration or timeout: 21 milliseconds
For documentation on this error, please visit: http://seleniumhq.org/exceptions/stale_element_reference.html
Build info: version: &apos;2.53.1&apos;, revision: &apos;a36b8b1cd5757287168e54b817830adce9b0158d&apos;, time: &apos;2016-06-30 19:26:09&apos;
System info: host: &apos;sDirect-20&apos;, ip: &apos;172.24.5.30&apos;, os.name: &apos;Windows 8.1&apos;, os.arch: &apos;amd64&apos;, os.version: &apos;6.3&apos;, java.version: &apos;1.8.0_121&apos;
Driver info: org.openqa.selenium.chrome.ChromeDriver
Capabilities [{applicationCacheEnabled=false, rotatable=false, mobileEmulationEnabled=false, networkConnectionEnabled=false, chrome={chromedriverVersion=2.28.455520 (cc17746adff54984afff480136733114c6b3704b), userDataDir=C:\Users\PRADEE~1\AppData\Local\Temp\scoped_dir7724_32554}, takesHeapSnapshot=true, pageLoadStrategy=normal, databaseEnabled=false, handlesAlerts=true, hasTouchScreen=false, version=56.0.2924.87, platform=WIN8_1, browserConnectionEnabled=false, nativeEvents=true, acceptSslCerts=true, locationContextEnabled=true, webStorageEnabled=true, browserName=chrome, takesScreenshot=true, javascriptEnabled=true, cssSelectorsEnabled=true, unexpectedAlertBehaviour=}]
Session ID: 2b558fa9c2c55862b6286e74b20d1b62
	at org.openqa.selenium.remote.ErrorHandler.createThrowable(ErrorHandler.java:206)
	at org.openqa.selenium.remote.ErrorHandler.throwIfResponseFailed(ErrorHandler.java:158)
	at org.openqa.selenium.remote.RemoteWebDriver.execute(RemoteWebDriver.java:678)
	at org.openqa.selenium.remote.RemoteWebDriver.executeScript(RemoteWebDriver.java:577)
	at icix.Utils.Common.javascriptExecutor(Common.java:421)
	at icix.Modules.FormList.addQuestion(FormList.java:367)
	at icix.Modules.FormList.createNewForm(FormList.java:123)
	at icix.Tests.TC9881_Test.CF_Scenario53(TC9881_Test.java:28)
... Removed 28 stack frames</pre></div><a href='#' onClick='toggleBox("stack-trace2077662850", this, "Click to show all stack frames", "Click to hide stack frames")'>Click to show all stack frames</a>
<div class='stack-trace' id='stack-trace2077662850'><pre>org.openqa.selenium.StaleElementReferenceException: stale element reference: element is not attached to the page document
  (Session info: chrome=56.0.2924.87)
  (Driver info: chromedriver=2.28.455520 (cc17746adff54984afff480136733114c6b3704b),platform=Windows NT 6.3.9600 x86_64) (WARNING: The server did not provide any stacktrace information)
Command duration or timeout: 21 milliseconds
For documentation on this error, please visit: http://seleniumhq.org/exceptions/stale_element_reference.html
Build info: version: &apos;2.53.1&apos;, revision: &apos;a36b8b1cd5757287168e54b817830adce9b0158d&apos;, time: &apos;2016-06-30 19:26:09&apos;
System info: host: &apos;sDirect-20&apos;, ip: &apos;172.24.5.30&apos;, os.name: &apos;Windows 8.1&apos;, os.arch: &apos;amd64&apos;, os.version: &apos;6.3&apos;, java.version: &apos;1.8.0_121&apos;
Driver info: org.openqa.selenium.chrome.ChromeDriver
Capabilities [{applicationCacheEnabled=false, rotatable=false, mobileEmulationEnabled=false, networkConnectionEnabled=false, chrome={chromedriverVersion=2.28.455520 (cc17746adff54984afff480136733114c6b3704b), userDataDir=C:\Users\PRADEE~1\AppData\Local\Temp\scoped_dir7724_32554}, takesHeapSnapshot=true, pageLoadStrategy=normal, databaseEnabled=false, handlesAlerts=true, hasTouchScreen=false, version=56.0.2924.87, platform=WIN8_1, browserConnectionEnabled=false, nativeEvents=true, acceptSslCerts=true, locationContextEnabled=true, webStorageEnabled=true, browserName=chrome, takesScreenshot=true, javascriptEnabled=true, cssSelectorsEnabled=true, unexpectedAlertBehaviour=}]
Session ID: 2b558fa9c2c55862b6286e74b20d1b62
	at sun.reflect.NativeConstructorAccessorImpl.newInstance0(Native Method)
	at sun.reflect.NativeConstructorAccessorImpl.newInstance(Unknown Source)
	at sun.reflect.DelegatingConstructorAccessorImpl.newInstance(Unknown Source)
	at java.lang.reflect.Constructor.newInstance(Unknown Source)
	at org.openqa.selenium.remote.ErrorHandler.createThrowable(ErrorHandler.java:206)
	at org.openqa.selenium.remote.ErrorHandler.throwIfResponseFailed(ErrorHandler.java:158)
	at org.openqa.selenium.remote.RemoteWebDriver.execute(RemoteWebDriver.java:678)
	at org.openqa.selenium.remote.RemoteWebDriver.executeScript(RemoteWebDriver.java:577)
	at icix.Utils.Common.javascriptExecutor(Common.java:421)
	at icix.Modules.FormList.addQuestion(FormList.java:367)
	at icix.Modules.FormList.createNewForm(FormList.java:123)
	at icix.Tests.TC9881_Test.CF_Scenario53(TC9881_Test.java:28)
	at sun.reflect.NativeMethodAccessorImpl.invoke0(Native Method)
	at sun.reflect.NativeMethodAccessorImpl.invoke(Unknown Source)
	at sun.reflect.DelegatingMethodAccessorImpl.invoke(Unknown Source)
	at java.lang.reflect.Method.invoke(Unknown Source)
	at org.testng.internal.MethodInvocationHelper.invokeMethod(MethodInvocationHelper.java:86)
	at org.testng.internal.Invoker.invokeMethod(Invoker.java:643)
	at org.testng.internal.Invoker.invokeTestMethod(Invoker.java:820)
	at org.testng.internal.Invoker.invokeTestMethods(Invoker.java:1128)
	at org.testng.internal.TestMethodWorker.invokeTestMethods(TestMethodWorker.java:129)
	at org.testng.internal.TestMethodWorker.run(TestMethodWorker.java:112)
	at org.testng.TestRunner.privateRun(TestRunner.java:782)
	at org.testng.TestRunner.run(TestRunner.java:632)
	at org.testng.SuiteRunner.runTest(SuiteRunner.java:366)
	at org.testng.SuiteRunner.runSequentially(SuiteRunner.java:361)
	at org.testng.SuiteRunner.privateRun(SuiteRunner.java:319)
	at org.testng.SuiteRunner.run(SuiteRunner.java:268)
	at org.testng.SuiteRunnerWorker.runSuite(SuiteRunnerWorker.java:52)
	at org.testng.SuiteRunnerWorker.run(SuiteRunnerWorker.java:86)
	at org.testng.TestNG.runSuitesSequentially(TestNG.java:1244)
	at org.testng.TestNG.runSuitesLocally(TestNG.java:1169)
	at org.testng.TestNG.run(TestNG.java:1064)
	at org.testng.remote.AbstractRemoteTestNG.run(AbstractRemoteTestNG.java:132)
	at org.testng.remote.RemoteTestNG.initAndRun(RemoteTestNG.java:230)
	at org.testng.remote.RemoteTestNG.main(RemoteTestNG.java:76)
</pre></div></td>
<td>499</td>
<td>icix.Tests.TC9881_Test@7c29daf3</td></tr>
</table><p>
<table width='100%' border='1' class='invocation-passed'>
<tr><td colspan='4' align='center'><b>PASSED TESTS</b></td></tr>
<tr><td><b>Test method</b></td>
<td width="30%"><b>Exception</b></td>
<td width="10%"><b>Time (seconds)</b></td>
<td><b>Instance</b></td>
</tr>
<tr>
<td title='icix.Tests.TC9884_Test.BPF_Scenario24()'><b>BPF_Scenario24</b><br>Test class: icix.Tests.TC9884_Test<br>Parameters: public void icix.Tests.TC9884_Test.BPF_Scenario24(java.lang.reflect.Method) throws java.lang.Exception<br/>
<a href="#Output-977650730" onClick='toggleBox("Output-977650730", this, "Show output", "Hide output");'>Show output</a>

<a href="#Output-977650730" onClick="toggleAllBoxes();">Show all outputs</a>
<div class='log' id="Output-977650730">
The Testcase name is :BPF_Scenario24<br/>
Login sucessfully<br/>
</div>
</td>
<td></td>
<td>240</td>
<td>icix.Tests.TC9884_Test@9660f4e</td></tr>
<tr>
<td title='icix.Tests.TC9903_Test.BPF_Scenario33()'><b>BPF_Scenario33</b><br>Test class: icix.Tests.TC9903_Test<br>Parameters: public void icix.Tests.TC9903_Test.BPF_Scenario33(java.lang.reflect.Method) throws java.lang.Exception<br/>
<a href="#Output-232886115" onClick='toggleBox("Output-232886115", this, "Show output", "Hide output");'>Show output</a>

<a href="#Output-232886115" onClick="toggleAllBoxes();">Show all outputs</a>
<div class='log' id="Output-232886115">
The Testcase name is :BPF_Scenario33<br/>
Login sucessfully<br/>
</div>
</td>
<td></td>
<td>186</td>
<td>icix.Tests.TC9903_Test@5e853265</td></tr>
<tr>
<td title='icix.Tests.TC9891_Test.CF_Scenario19()'><b>CF_Scenario19</b><br>Test class: icix.Tests.TC9891_Test<br>Parameters: public void icix.Tests.TC9891_Test.CF_Scenario19(java.lang.reflect.Method) throws java.lang.Exception<br/>
<a href="#Output-1255445356" onClick='toggleBox("Output-1255445356", this, "Show output", "Hide output");'>Show output</a>

<a href="#Output-1255445356" onClick="toggleAllBoxes();">Show all outputs</a>
<div class='log' id="Output-1255445356">
The Testcase name is :CF_Scenario19<br/>
Login sucessfully<br/>
</div>
</td>
<td></td>
<td>209</td>
<td>icix.Tests.TC9891_Test@5a8806ef</td></tr>
<tr>
<td title='icix.Tests.TC9892_Test.CF_Scenario19()'><b>CF_Scenario19</b><br>Test class: icix.Tests.TC9892_Test<br>Parameters: public void icix.Tests.TC9892_Test.CF_Scenario19(java.lang.reflect.Method) throws java.lang.Exception<br/>
<a href="#Output-915233792" onClick='toggleBox("Output-915233792", this, "Show output", "Hide output");'>Show output</a>

<a href="#Output-915233792" onClick="toggleAllBoxes();">Show all outputs</a>
<div class='log' id="Output-915233792">
The Testcase name is :CF_Scenario19<br/>
Login sucessfully<br/>
</div>
</td>
<td></td>
<td>278</td>
<td>icix.Tests.TC9892_Test@6c49835d</td></tr>
</table><p>
</body>
</html>